time="2022-04-12T05:06:41+03:00" level=info msg="create router" func="main.main()" file="app.go:20"
time="2022-04-12T05:06:41+03:00" level=info msg="Register user handler" func="main.main()" file="app.go:23"
time="2022-04-12T05:07:34+03:00" level=info msg="create router" func="main.main()" file="app.go:20"
time="2022-04-12T05:07:34+03:00" level=info msg="Register user handler" func="main.main()" file="app.go:23"
time="2022-04-12T05:10:19+03:00" level=info msg="create router" func="main.main()" file="app.go:19"
time="2022-04-12T05:10:19+03:00" level=info msg="Register user handler" func="main.main()" file="app.go:22"
time="2022-04-12T05:10:19+03:00" level=info msg="Start application" func="main.start()" file="app.go:31"
time="2022-04-12T05:10:19+03:00" level=info msg="Server is listening port 0.0.0.0:1234" func="main.start()" file="app.go:42"
time="2022-04-12T16:11:49+03:00" level=info msg="create router" func="main.main()" file="app.go:24"
time="2022-04-12T16:11:49+03:00" level=info msg="read application configuration" func="rest-api-tutorial/internal/config.GetConfig.func1()" file="config.go:24"
time="2022-04-12T16:11:49+03:00" level=info msg="Register user handler" func="main.main()" file="app.go:29"
time="2022-04-12T16:11:49+03:00" level=info msg="Start application" func="main.start()" file="app.go:38"
time="2022-04-12T16:11:49+03:00" level=info msg="listen tcp" func="main.start()" file="app.go:57"
time="2022-04-12T16:11:49+03:00" level=info msg="Server is listening port 0.0.0.0:10000" func="main.start()" file="app.go:71"
time="2022-04-12T16:13:55+03:00" level=info msg="create router" func="main.main()" file="app.go:24"
time="2022-04-12T16:13:55+03:00" level=info msg="read application configuration" func="rest-api-tutorial/internal/config.GetConfig.func1()" file="config.go:24"
time="2022-04-12T16:13:55+03:00" level=info msg="Register user handler" func="main.main()" file="app.go:29"
time="2022-04-12T16:13:55+03:00" level=info msg="Start application" func="main.start()" file="app.go:38"
time="2022-04-12T16:13:55+03:00" level=info msg="create socket" func="main.start()" file="app.go:50"
time="2022-04-12T16:13:55+03:00" level=debug msg="socket path: /tmp/GoLand/app.sock" func="main.start()" file="app.go:52"
time="2022-04-12T16:13:55+03:00" level=info msg="listen unix socket" func="main.start()" file="app.go:54"
time="2022-04-12T16:13:55+03:00" level=info msg="Server is listening port 0.0.0.0:10000" func="main.start()" file="app.go:71"
time="2022-04-12T16:17:34+03:00" level=info msg="create router" func="main.main()" file="app.go:24"
time="2022-04-12T16:17:34+03:00" level=info msg="read application configuration" func="rest-api-tutorial/internal/config.GetConfig.func1()" file="config.go:24"
time="2022-04-12T16:17:34+03:00" level=info msg="Register user handler" func="main.main()" file="app.go:29"
time="2022-04-12T16:17:34+03:00" level=info msg="Start application" func="main.start()" file="app.go:38"
time="2022-04-12T16:17:34+03:00" level=info msg="detect app path" func="main.start()" file="app.go:46"
time="2022-04-12T16:17:34+03:00" level=info msg="create socket" func="main.start()" file="app.go:51"
time="2022-04-12T16:17:34+03:00" level=info msg="listen unix socket" func="main.start()" file="app.go:54"
time="2022-04-12T16:17:34+03:00" level=info msg="Server is listening unix socket: /home/kloveaf/GolandProjects/rest-api-tutorial/build/app.sock" func="main.start()" file="app.go:56"
